C:\USERS\CZAREK\STUDIA\PORR\PROJEKT\VS_WORKSPACE\PORR\ROWNOLEGLAPAMIECWSPOLNA\RELEASE\ROWNOLEGLAPAMIECWSPOLNA.OBJ
C:\USERS\CZAREK\STUDIA\PORR\PROJEKT\VS_WORKSPACE\PORR\ROWNOLEGLAPAMIECWSPOLNA\RELEASE\MAIN.OBJ
C:\USERS\CZAREK\STUDIA\PORR\PROJEKT\VS_WORKSPACE\PORR\ROWNOLEGLAPAMIECWSPOLNA\RELEASE\VC110.PDB
C:\USERS\CZAREK\STUDIA\PORR\PROJEKT\VS_WORKSPACE\PORR\RELEASE\ROWNOLEGLAPAMIECWSPOLNA.EXE
C:\USERS\CZAREK\STUDIA\PORR\PROJEKT\VS_WORKSPACE\PORR\RELEASE\ROWNOLEGLAPAMIECWSPOLNA.PDB
C:\Users\czarek\STUDIA\PORR\projekt\vs_workspace\PORR\RownoleglaPamiecWspolna\Release\main.obj
C:\Users\czarek\STUDIA\PORR\projekt\vs_workspace\PORR\RownoleglaPamiecWspolna\Release\rownoleglaPamiecWspolna.obj
C:\Users\czarek\STUDIA\PORR\projekt\vs_workspace\PORR\RownoleglaPamiecWspolna\Release\cl.command.1.tlog
C:\Users\czarek\STUDIA\PORR\projekt\vs_workspace\PORR\RownoleglaPamiecWspolna\Release\CL.read.1.tlog
C:\Users\czarek\STUDIA\PORR\projekt\vs_workspace\PORR\RownoleglaPamiecWspolna\Release\CL.write.1.tlog
C:\Users\czarek\STUDIA\PORR\projekt\vs_workspace\PORR\RownoleglaPamiecWspolna\Release\link-cvtres.read.1.tlog
C:\Users\czarek\STUDIA\PORR\projekt\vs_workspace\PORR\RownoleglaPamiecWspolna\Release\link-cvtres.write.1.tlog
C:\Users\czarek\STUDIA\PORR\projekt\vs_workspace\PORR\RownoleglaPamiecWspolna\Release\link-rc.read.1.tlog
C:\Users\czarek\STUDIA\PORR\projekt\vs_workspace\PORR\RownoleglaPamiecWspolna\Release\link-rc.write.1.tlog
C:\Users\czarek\STUDIA\PORR\projekt\vs_workspace\PORR\RownoleglaPamiecWspolna\Release\link.command.1.tlog
C:\Users\czarek\STUDIA\PORR\projekt\vs_workspace\PORR\RownoleglaPamiecWspolna\Release\link.read.1.tlog
C:\Users\czarek\STUDIA\PORR\projekt\vs_workspace\PORR\RownoleglaPamiecWspolna\Release\link.write.1.tlog
C:\Users\czarek\STUDIA\PORR\projekt\vs_workspace\PORR\RownoleglaPamiecWspolna\Release\vc110.pdb
C:\Users\czarek\STUDIA\PORR\projekt\vs_workspace\PORR\Release\RownoleglaPamiecWspolna.pdb
C:\Users\czarek\STUDIA\PORR\projekt\vs_workspace\PORR\Release\RownoleglaPamiecWspolna.exe
