C:\USERS\CZAREK\STUDIA\PORR\PROJEKT\VS_WORKSPACE\PORR\ROWNOLEGLAPAMIECWSPOLNA\DEBUG\ROWNOLEGLAPAMIECWSPOLNA.OBJ
C:\USERS\CZAREK\STUDIA\PORR\PROJEKT\VS_WORKSPACE\PORR\ROWNOLEGLAPAMIECWSPOLNA\DEBUG\VC110.PDB
C:\USERS\CZAREK\STUDIA\PORR\PROJEKT\VS_WORKSPACE\PORR\ROWNOLEGLAPAMIECWSPOLNA\DEBUG\MAIN.OBJ
C:\USERS\CZAREK\STUDIA\PORR\PROJEKT\VS_WORKSPACE\PORR\DEBUG\ROWNOLEGLAPAMIECWSPOLNA.ILK
C:\USERS\CZAREK\STUDIA\PORR\PROJEKT\VS_WORKSPACE\PORR\DEBUG\ROWNOLEGLAPAMIECWSPOLNA.EXE
C:\USERS\CZAREK\STUDIA\PORR\PROJEKT\VS_WORKSPACE\PORR\DEBUG\ROWNOLEGLAPAMIECWSPOLNA.PDB
C:\Users\czarek\STUDIA\PORR\projekt\vs_workspace\PORR\RownoleglaPamiecWspolna\Debug\main.obj
C:\Users\czarek\STUDIA\PORR\projekt\vs_workspace\PORR\RownoleglaPamiecWspolna\Debug\rownoleglaPamiecWspolna.obj
C:\Users\czarek\STUDIA\PORR\projekt\vs_workspace\PORR\RownoleglaPamiecWspolna\Debug\cl.command.1.tlog
C:\Users\czarek\STUDIA\PORR\projekt\vs_workspace\PORR\RownoleglaPamiecWspolna\Debug\CL.read.1.tlog
C:\Users\czarek\STUDIA\PORR\projekt\vs_workspace\PORR\RownoleglaPamiecWspolna\Debug\CL.write.1.tlog
C:\Users\czarek\STUDIA\PORR\projekt\vs_workspace\PORR\RownoleglaPamiecWspolna\Debug\link-cvtres.read.1.tlog
C:\Users\czarek\STUDIA\PORR\projekt\vs_workspace\PORR\RownoleglaPamiecWspolna\Debug\link-cvtres.write.1.tlog
C:\Users\czarek\STUDIA\PORR\projekt\vs_workspace\PORR\RownoleglaPamiecWspolna\Debug\link-rc.read.1.tlog
C:\Users\czarek\STUDIA\PORR\projekt\vs_workspace\PORR\RownoleglaPamiecWspolna\Debug\link-rc.write.1.tlog
C:\Users\czarek\STUDIA\PORR\projekt\vs_workspace\PORR\RownoleglaPamiecWspolna\Debug\link.4672-cvtres.read.1.tlog
C:\Users\czarek\STUDIA\PORR\projekt\vs_workspace\PORR\RownoleglaPamiecWspolna\Debug\link.4672-cvtres.write.1.tlog
C:\Users\czarek\STUDIA\PORR\projekt\vs_workspace\PORR\RownoleglaPamiecWspolna\Debug\link.4672-rc.read.1.tlog
C:\Users\czarek\STUDIA\PORR\projekt\vs_workspace\PORR\RownoleglaPamiecWspolna\Debug\link.4672-rc.write.1.tlog
C:\Users\czarek\STUDIA\PORR\projekt\vs_workspace\PORR\RownoleglaPamiecWspolna\Debug\link.4672.read.1.tlog
C:\Users\czarek\STUDIA\PORR\projekt\vs_workspace\PORR\RownoleglaPamiecWspolna\Debug\link.4672.write.1.tlog
C:\Users\czarek\STUDIA\PORR\projekt\vs_workspace\PORR\RownoleglaPamiecWspolna\Debug\link.7908-cvtres.read.1.tlog
C:\Users\czarek\STUDIA\PORR\projekt\vs_workspace\PORR\RownoleglaPamiecWspolna\Debug\link.7908-cvtres.write.1.tlog
C:\Users\czarek\STUDIA\PORR\projekt\vs_workspace\PORR\RownoleglaPamiecWspolna\Debug\link.7908-rc.read.1.tlog
C:\Users\czarek\STUDIA\PORR\projekt\vs_workspace\PORR\RownoleglaPamiecWspolna\Debug\link.7908-rc.write.1.tlog
C:\Users\czarek\STUDIA\PORR\projekt\vs_workspace\PORR\RownoleglaPamiecWspolna\Debug\link.7908.read.1.tlog
C:\Users\czarek\STUDIA\PORR\projekt\vs_workspace\PORR\RownoleglaPamiecWspolna\Debug\link.7908.write.1.tlog
C:\Users\czarek\STUDIA\PORR\projekt\vs_workspace\PORR\RownoleglaPamiecWspolna\Debug\link.command.1.tlog
C:\Users\czarek\STUDIA\PORR\projekt\vs_workspace\PORR\RownoleglaPamiecWspolna\Debug\link.read.1.tlog
C:\Users\czarek\STUDIA\PORR\projekt\vs_workspace\PORR\RownoleglaPamiecWspolna\Debug\link.write.1.tlog
C:\Users\czarek\STUDIA\PORR\projekt\vs_workspace\PORR\RownoleglaPamiecWspolna\Debug\vc110.idb
C:\Users\czarek\STUDIA\PORR\projekt\vs_workspace\PORR\RownoleglaPamiecWspolna\Debug\vc110.pdb
C:\Users\czarek\STUDIA\PORR\projekt\vs_workspace\PORR\Debug\RownoleglaPamiecWspolna.pdb
C:\Users\czarek\STUDIA\PORR\projekt\vs_workspace\PORR\Debug\RownoleglaPamiecWspolna.exe
C:\Users\czarek\STUDIA\PORR\projekt\vs_workspace\PORR\Debug\RownoleglaPamiecWspolna.ilk
